<?xml version="1.0" encoding="UTF-8"?>
<!-- Generated by org.testng.reporters.JUnitReportReporter -->
<testsuite hostname="DESKTOP-U42HRFD" failures="0" tests="1" name="BasePackage.TestRunner" time="141.474" errors="0" timestamp="2024-04-29T19:57:11 IST" skipped="0">
  <testcase classname="BasePackage.TestRunner" name="runScenario" time="141.474"/>
</testsuite> <!-- BasePackage.TestRunner -->
