<?xml version="1.0" encoding="UTF-8"?>
<!-- Generated by org.testng.reporters.JUnitReportReporter -->
<testsuite hostname="DESKTOP-U42HRFD" failures="0" tests="1" name="BasePackage.TestRunner" time="59.822" errors="0" timestamp="2024-04-29T16:05:08 IST" skipped="0">
  <testcase classname="BasePackage.TestRunner" name="runScenario" time="59.822"/>
</testsuite> <!-- BasePackage.TestRunner -->
