<?xml version="1.0" encoding="UTF-8"?>
<!-- Generated by org.testng.reporters.JUnitReportReporter -->
<testsuite hostname="DESKTOP-U42HRFD" failures="0" tests="5" name="BasePackage.TestRunner" time="89.713" errors="0" timestamp="2024-05-07T17:47:07 IST" skipped="0">
  <testcase classname="BasePackage.TestRunner" name="runScenario" time="36.494"/>
  <testcase classname="BasePackage.TestRunner" name="runScenario" time="0.040"/>
  <testcase classname="BasePackage.TestRunner" name="runScenario" time="10.973"/>
  <testcase classname="BasePackage.TestRunner" name="runScenario" time="11.293"/>
  <testcase classname="BasePackage.TestRunner" name="runScenario" time="30.913"/>
</testsuite> <!-- BasePackage.TestRunner -->
